<?xml version="1.0" encoding="UTF-8"?>
<!-- Generated by org.testng.reporters.JUnitReportReporter -->
<testsuite skipped="0" hostname="LAPTOP-8HPLHVID" name="org.web.automation.testcases.TC_001_Testcase1" tests="1" failures="0" timestamp="22 Jul 2020 22:04:41 GMT" time="4.679" errors="0">
  <testcase name="startBrowser" time="4.679" classname="org.web.automation.testcases.TC_001_Testcase1"/>
</testsuite> <!-- org.web.automation.testcases.TC_001_Testcase1 -->
