<?xml version="1.0" encoding="UTF-8"?>
<!-- Generated by org.testng.reporters.JUnitReportReporter -->
<testsuite skipped="0" hostname="LAPTOP-8HPLHVID" name="org.web.automation.testcases.TC_001_Testcase2" tests="1" failures="0" timestamp="24 Jul 2020 22:11:39 GMT" time="8.436" errors="0">
  <testcase name="startBrowser" time="8.436" classname="org.web.automation.testcases.TC_001_Testcase2"/>
</testsuite> <!-- org.web.automation.testcases.TC_001_Testcase2 -->
